mode: count
github.com/dranidis/go-sdl-spec/sdl.go:27.33,29.2 1 6
github.com/dranidis/go-sdl-spec/sdl.go:31.41,33.2 1 0
github.com/dranidis/go-sdl-spec/sdl.go:41.85,48.2 6 5
github.com/dranidis/go-sdl-spec/sdl.go:55.49,56.16 1 9
github.com/dranidis/go-sdl-spec/sdl.go:56.16,62.29 4 9
github.com/dranidis/go-sdl-spec/sdl.go:65.3,65.7 1 9
github.com/dranidis/go-sdl-spec/sdl.go:62.29,64.4 1 6
github.com/dranidis/go-sdl-spec/sdl.go:65.7,67.12 2 27
github.com/dranidis/go-sdl-spec/sdl.go:70.4,70.8 1 18
github.com/dranidis/go-sdl-spec/sdl.go:67.12,69.5 1 9
github.com/dranidis/go-sdl-spec/sdl.go:75.44,76.9 1 27
github.com/dranidis/go-sdl-spec/sdl.go:77.23,79.18 2 18
github.com/dranidis/go-sdl-spec/sdl.go:80.15,81.19 1 9
github.com/dranidis/go-sdl-spec/sdl.go:87.64,88.6 1 1
github.com/dranidis/go-sdl-spec/sdl.go:88.6,89.10 1 4
github.com/dranidis/go-sdl-spec/sdl.go:90.17,91.41 1 3
github.com/dranidis/go-sdl-spec/sdl.go:92.14,93.10 1 1
github.com/dranidis/go-sdl-spec/sdl.go:100.75,101.23 1 4
github.com/dranidis/go-sdl-spec/sdl.go:101.23,104.3 2 16
github.com/dranidis/go-sdl-spec/sdl.go:109.31,111.2 1 1
github.com/dranidis/go-sdl-spec/sdl.go:114.27,116.2 1 3
